{"/home/capote/repos/contacts/src/ContactsApp.js": {"path":"/home/capote/repos/contacts/src/ContactsApp.js","statementMap":{"0":{"start":{"line":1,"column":0},"end":{"line":null,"column":-1}},"1":{"start":{"line":2,"column":0},"end":{"line":null,"column":-1}},"2":{"start":{"line":3,"column":0},"end":{"line":null,"column":-1}},"3":{"start":{"line":4,"column":0},"end":{"line":null,"column":-1}},"4":{"start":{"line":5,"column":0},"end":{"line":null,"column":-1}},"5":{"start":{"line":6,"column":0},"end":{"line":null,"column":-1}},"6":{"start":{"line":7,"column":0},"end":{"line":null,"column":-1}},"7":{"start":{"line":8,"column":0},"end":{"line":null,"column":-1}},"8":{"start":{"line":9,"column":0},"end":{"line":null,"column":-1}},"9":{"start":{"line":11,"column":0},"end":{"line":null,"column":-1}},"10":{"start":{"line":13,"column":14},"end":{"line":13,"column":0}},"11":{"start":{"line":19,"column":2},"end":{"line":null,"column":-1}},"12":{"start":{"line":30,"column":15},"end":{"line":30,"column":0}}},"fnMap":{},"branchMap":{},"s":{"0":0,"1":0,"2":0,"3":0,"4":0,"5":0,"6":0,"7":0,"8":0,"9":0,"10":0,"11":0,"12":0},"f":{},"b":{}}
,"/home/capote/repos/contacts/src/app/contact/contact.actions.js": {"path":"/home/capote/repos/contacts/src/app/contact/contact.actions.js","statementMap":{"0":{"start":{"line":1,"column":0},"end":{"line":null,"column":-1}},"1":{"start":{"line":2,"column":0},"end":{"line":null,"column":-1}},"2":{"start":{"line":10,"column":1},"end":{"line":null,"column":-1}},"3":{"start":{"line":12,"column":2},"end":{"line":null,"column":-1}},"4":{"start":{"line":16,"column":2},"end":{"line":null,"column":-1}},"5":{"start":{"line":18,"column":3},"end":{"line":null,"column":-1}},"6":{"start":{"line":27,"column":3},"end":{"line":null,"column":-1}}},"fnMap":{"0":{"name":"read","decl":{"start":{"line":8,"column":16},"end":{"line":8,"column":7}},"loc":{"start":{"line":8,"column":23},"end":{"line":33,"column":1}}},"1":{"name":"(anonymous_2)","decl":{"start":{"line":10,"column":8},"end":{"line":10,"column":19}},"loc":{"start":{"line":10,"column":20},"end":{"line":10,"column":1}}},"2":{"name":"(anonymous_3)","decl":{"start":{"line":16,"column":29},"end":{"line":16,"column":40}},"loc":{"start":{"line":16,"column":41},"end":{"line":16,"column":9}}},"3":{"name":"(anonymous_4)","decl":{"start":{"line":25,"column":11},"end":{"line":25,"column":17}},"loc":{"start":{"line":25,"column":18},"end":{"line":16,"column":9}}}},"branchMap":{},"s":{"0":0,"1":0,"2":0,"3":0,"4":0,"5":0,"6":0},"f":{"0":0,"1":0,"2":0,"3":0},"b":{}}
,"/home/capote/repos/contacts/src/app/contact/contact.service.js": {"path":"/home/capote/repos/contacts/src/app/contact/contact.service.js","statementMap":{"0":{"start":{"line":1,"column":0},"end":{"line":null,"column":-1}},"1":{"start":{"line":2,"column":0},"end":{"line":null,"column":-1}},"2":{"start":{"line":8,"column":1},"end":{"line":null,"column":-1}},"3":{"start":{"line":13,"column":1},"end":{"line":null,"column":-1}},"4":{"start":{"line":20,"column":1},"end":{"line":null,"column":-1}},"5":{"start":{"line":30,"column":1},"end":{"line":null,"column":-1}},"6":{"start":{"line":35,"column":1},"end":{"line":null,"column":-1}},"7":{"start":{"line":40,"column":1},"end":{"line":null,"column":-1}},"8":{"start":{"line":45,"column":1},"end":{"line":null,"column":-1}}},"fnMap":{"0":{"name":"getData","decl":{"start":{"line":6,"column":9},"end":{"line":6,"column":0}},"loc":{"start":{"line":6,"column":22},"end":{"line":9,"column":1}}},"1":{"name":"showList","decl":{"start":{"line":11,"column":16},"end":{"line":11,"column":7}},"loc":{"start":{"line":11,"column":27},"end":{"line":16,"column":1}}},"2":{"name":"showDetail","decl":{"start":{"line":18,"column":16},"end":{"line":18,"column":7}},"loc":{"start":{"line":18,"column":31},"end":{"line":26,"column":1}}},"3":{"name":"create","decl":{"start":{"line":28,"column":16},"end":{"line":28,"column":7}},"loc":{"start":{"line":28,"column":32},"end":{"line":31,"column":1}}},"4":{"name":"update","decl":{"start":{"line":33,"column":16},"end":{"line":33,"column":7}},"loc":{"start":{"line":33,"column":36},"end":{"line":36,"column":1}}},"5":{"name":"read","decl":{"start":{"line":38,"column":16},"end":{"line":38,"column":7}},"loc":{"start":{"line":38,"column":25},"end":{"line":41,"column":1}}},"6":{"name":"del","decl":{"start":{"line":43,"column":16},"end":{"line":43,"column":7}},"loc":{"start":{"line":43,"column":24},"end":{"line":46,"column":1}}}},"branchMap":{"0":{"loc":{"start":{"line":40,"column":21},"end":{"line":40,"column":20}},"type":"cond-expr","locations":[{"start":{"line":40,"column":21},"end":{"line":40,"column":20}},{"start":{"line":40,"column":46},"end":{"line":40,"column":8}}]}},"s":{"0":0,"1":0,"2":0,"3":0,"4":0,"5":0,"6":0,"7":0,"8":0},"f":{"0":0,"1":0,"2":0,"3":0,"4":0,"5":0,"6":0},"b":{"0":[0,0]}}
,"/home/capote/repos/contacts/src/app/contact/contact.types.js": {"path":"/home/capote/repos/contacts/src/app/contact/contact.types.js","statementMap":{"0":{"start":{"line":1,"column":13},"end":{"line":1,"column":7}},"1":{"start":{"line":2,"column":13},"end":{"line":2,"column":7}},"2":{"start":{"line":3,"column":13},"end":{"line":3,"column":7}}},"fnMap":{},"branchMap":{},"s":{"0":0,"1":0,"2":0},"f":{},"b":{}}
,"/home/capote/repos/contacts/src/app/contact/detail/detail.actions.js": {"path":"/home/capote/repos/contacts/src/app/contact/detail/detail.actions.js","statementMap":{"0":{"start":{"line":1,"column":0},"end":{"line":null,"column":-1}},"1":{"start":{"line":2,"column":0},"end":{"line":null,"column":-1}},"2":{"start":{"line":3,"column":0},"end":{"line":null,"column":-1}},"3":{"start":{"line":13,"column":1},"end":{"line":null,"column":-1}},"4":{"start":{"line":13,"column":8},"end":{"line":null,"column":-1}},"5":{"start":{"line":15,"column":2},"end":{"line":null,"column":-1}},"6":{"start":{"line":21,"column":9},"end":{"line":13,"column":8}},"7":{"start":{"line":23,"column":3},"end":{"line":null,"column":-1}},"8":{"start":{"line":27,"column":3},"end":{"line":null,"column":-1}},"9":{"start":{"line":29,"column":3},"end":{"line":null,"column":-1}},"10":{"start":{"line":32,"column":9},"end":{"line":13,"column":8}},"11":{"start":{"line":34,"column":3},"end":{"line":null,"column":-1}},"12":{"start":{"line":36,"column":3},"end":{"line":null,"column":-1}},"13":{"start":{"line":46,"column":1},"end":{"line":null,"column":-1}},"14":{"start":{"line":46,"column":8},"end":{"line":null,"column":-1}},"15":{"start":{"line":48,"column":2},"end":{"line":null,"column":-1}},"16":{"start":{"line":54,"column":9},"end":{"line":46,"column":8}},"17":{"start":{"line":56,"column":3},"end":{"line":null,"column":-1}},"18":{"start":{"line":62,"column":9},"end":{"line":46,"column":8}},"19":{"start":{"line":64,"column":3},"end":{"line":null,"column":-1}},"20":{"start":{"line":66,"column":3},"end":{"line":null,"column":-1}}},"fnMap":{"0":{"name":"remove","decl":{"start":{"line":11,"column":16},"end":{"line":11,"column":7}},"loc":{"start":{"line":11,"column":27},"end":{"line":42,"column":1}}},"1":{"name":"factory","decl":{"start":{"line":13,"column":23},"end":{"line":13,"column":8}},"loc":{"start":{"line":13,"column":8},"end":{"line":13,"column":1}}},"2":{"name":"factory$","decl":{"start":{"line":13,"column":8},"end":{"line":null,"column":-1}},"loc":{"start":{"line":13,"column":8},"end":{"line":null,"column":-1}}},"3":{"name":"getOne","decl":{"start":{"line":44,"column":16},"end":{"line":44,"column":7}},"loc":{"start":{"line":44,"column":27},"end":{"line":72,"column":1}}},"4":{"name":"factory","decl":{"start":{"line":46,"column":23},"end":{"line":46,"column":8}},"loc":{"start":{"line":46,"column":8},"end":{"line":46,"column":1}}},"5":{"name":"factory$","decl":{"start":{"line":46,"column":8},"end":{"line":null,"column":-1}},"loc":{"start":{"line":46,"column":8},"end":{"line":null,"column":-1}}}},"branchMap":{"0":{"loc":{"start":{"line":13,"column":8},"end":{"line":null,"column":-1}},"type":"switch","locations":[{"start":{"line":13,"column":8},"end":{"line":null,"column":-1}},{"start":{"line":13,"column":8},"end":{"line":null,"column":-1}},{"start":{"line":13,"column":8},"end":{"line":36,"column":3}},{"start":{"line":13,"column":8},"end":{"line":null,"column":-1}},{"start":{"line":13,"column":8},"end":{"line":null,"column":-1}}]},"1":{"loc":{"start":{"line":46,"column":8},"end":{"line":null,"column":-1}},"type":"switch","locations":[{"start":{"line":46,"column":8},"end":{"line":null,"column":-1}},{"start":{"line":46,"column":8},"end":{"line":null,"column":-1}},{"start":{"line":46,"column":8},"end":{"line":66,"column":3}},{"start":{"line":46,"column":8},"end":{"line":null,"column":-1}},{"start":{"line":46,"column":8},"end":{"line":null,"column":-1}}]}},"s":{"0":0,"1":0,"2":0,"3":0,"4":0,"5":0,"6":0,"7":0,"8":0,"9":0,"10":0,"11":0,"12":0,"13":0,"14":0,"15":0,"16":0,"17":0,"18":0,"19":0,"20":0},"f":{"0":0,"1":0,"2":0,"3":0,"4":0,"5":0},"b":{"0":[0,0,0,0,0],"1":[0,0,0,0,0]}}
,"/home/capote/repos/contacts/src/app/contact/detail/detail.container.js": {"path":"/home/capote/repos/contacts/src/app/contact/detail/detail.container.js","statementMap":{"0":{"start":{"line":1,"column":0},"end":{"line":null,"column":-1}},"1":{"start":{"line":2,"column":0},"end":{"line":null,"column":-1}},"2":{"start":{"line":3,"column":0},"end":{"line":null,"column":-1}},"3":{"start":{"line":4,"column":0},"end":{"line":null,"column":-1}},"4":{"start":{"line":5,"column":0},"end":{"line":null,"column":-1}},"5":{"start":{"line":6,"column":0},"end":{"line":null,"column":-1}},"6":{"start":{"line":7,"column":0},"end":{"line":null,"column":-1}},"7":{"start":{"line":13,"column":34},"end":{"line":11,"column":21}},"8":{"start":{"line":11,"column":21},"end":{"line":11,"column":20}},"9":{"start":{"line":15,"column":2},"end":{"line":null,"column":-1}},"10":{"start":{"line":21,"column":23},"end":{"line":null,"column":-1}},"11":{"start":{"line":23,"column":2},"end":{"line":null,"column":-1}},"12":{"start":{"line":31,"column":13},"end":{"line":null,"column":-1}},"13":{"start":{"line":46,"column":2},"end":{"line":53,"column":3}},"14":{"start":{"line":48,"column":3},"end":{"line":null,"column":-1}},"15":{"start":{"line":55,"column":2},"end":{"line":62,"column":3}},"16":{"start":{"line":57,"column":3},"end":{"line":null,"column":-1}},"17":{"start":{"line":64,"column":2},"end":{"line":null,"column":-1}},"18":{"start":{"line":142,"column":37},"end":{"line":140,"column":32}},"19":{"start":{"line":140,"column":32},"end":{"line":140,"column":31}},"20":{"start":{"line":144,"column":1},"end":{"line":null,"column":-1}},"21":{"start":{"line":147,"column":13},"end":{"line":147,"column":7}}},"fnMap":{"0":{"name":"onPress","decl":{"start":{"line":31,"column":13},"end":{"line":null,"column":-1}},"loc":{"start":{"line":31,"column":13},"end":{"line":null,"column":-1}}},"1":{"name":"mapStateToProps","decl":{"start":{"line":140,"column":9},"end":{"line":140,"column":0}},"loc":{"start":{"line":140,"column":32},"end":{"line":145,"column":1}}}},"branchMap":{"0":{"loc":{"start":{"line":46,"column":2},"end":{"line":53,"column":3}},"type":"if","locations":[{"start":{"line":46,"column":2},"end":{"line":53,"column":3}},{"start":{"line":46,"column":2},"end":{"line":53,"column":3}}]},"1":{"loc":{"start":{"line":55,"column":2},"end":{"line":62,"column":3}},"type":"if","locations":[{"start":{"line":55,"column":2},"end":{"line":62,"column":3}},{"start":{"line":55,"column":2},"end":{"line":62,"column":3}}]}},"s":{"0":0,"1":0,"2":0,"3":0,"4":0,"5":0,"6":0,"7":0,"8":0,"9":0,"10":0,"11":0,"12":0,"13":0,"14":0,"15":0,"16":0,"17":0,"18":0,"19":0,"20":0,"21":0},"f":{"0":0,"1":0},"b":{"0":[0,0],"1":[0,0]}}
,"/home/capote/repos/contacts/src/app/contact/detail/detail.container.style.js": {"path":"/home/capote/repos/contacts/src/app/contact/detail/detail.container.style.js","statementMap":{"0":{"start":{"line":1,"column":0},"end":{"line":null,"column":-1}},"1":{"start":{"line":3,"column":13},"end":{"line":3,"column":7}}},"fnMap":{},"branchMap":{},"s":{"0":0,"1":0},"f":{},"b":{}}
,"/home/capote/repos/contacts/src/app/contact/detail/detail.reducer.js": {"path":"/home/capote/repos/contacts/src/app/contact/detail/detail.reducer.js","statementMap":{"0":{"start":{"line":1,"column":0},"end":{"line":null,"column":-1}},"1":{"start":{"line":9,"column":22},"end":{"line":9,"column":0}},"2":{"start":{"line":15,"column":68},"end":{"line":15,"column":67}},"3":{"start":{"line":15,"column":68},"end":{"line":null,"column":-1}},"4":{"start":{"line":17,"column":1},"end":{"line":null,"column":-1}},"5":{"start":{"line":21,"column":3},"end":{"line":null,"column":-1}},"6":{"start":{"line":28,"column":3},"end":{"line":null,"column":-1}},"7":{"start":{"line":36,"column":3},"end":{"line":null,"column":-1}},"8":{"start":{"line":44,"column":3},"end":{"line":null,"column":-1}},"9":{"start":{"line":51,"column":3},"end":{"line":null,"column":-1}},"10":{"start":{"line":59,"column":3},"end":{"line":null,"column":-1}}},"fnMap":{"0":{"name":"ContactDetailReducer","decl":{"start":{"line":15,"column":16},"end":{"line":15,"column":7}},"loc":{"start":{"line":15,"column":68},"end":{"line":61,"column":1}}}},"branchMap":{"0":{"loc":{"start":{"line":15,"column":68},"end":{"line":15,"column":44}},"type":"cond-expr","locations":[{"start":{"line":15,"column":68},"end":{"line":15,"column":44}},{"start":{"line":15,"column":45},"end":{"line":15,"column":68}}]},"1":{"loc":{"start":{"line":15,"column":68},"end":{"line":15,"column":44}},"type":"binary-expr","locations":[{"start":{"line":15,"column":68},"end":{"line":15,"column":44}},{"start":{"line":15,"column":68},"end":{"line":15,"column":44}}]},"2":{"loc":{"start":{"line":19,"column":2},"end":{"line":21,"column":3}},"type":"switch","locations":[{"start":{"line":19,"column":2},"end":{"line":21,"column":3}},{"start":{"line":26,"column":2},"end":{"line":28,"column":3}},{"start":{"line":34,"column":2},"end":{"line":36,"column":3}},{"start":{"line":42,"column":2},"end":{"line":44,"column":3}},{"start":{"line":49,"column":2},"end":{"line":51,"column":3}},{"start":{"line":57,"column":2},"end":{"line":59,"column":3}}]}},"s":{"0":0,"1":0,"2":0,"3":0,"4":0,"5":0,"6":0,"7":0,"8":0,"9":0,"10":0},"f":{"0":0},"b":{"0":[0,0],"1":[0,0],"2":[0,0,0,0,0,0]}}
,"/home/capote/repos/contacts/src/app/contact/detail/detail.types.js": {"path":"/home/capote/repos/contacts/src/app/contact/detail/detail.types.js","statementMap":{"0":{"start":{"line":1,"column":13},"end":{"line":1,"column":7}},"1":{"start":{"line":2,"column":13},"end":{"line":2,"column":7}},"2":{"start":{"line":3,"column":13},"end":{"line":3,"column":7}},"3":{"start":{"line":4,"column":13},"end":{"line":4,"column":7}},"4":{"start":{"line":5,"column":13},"end":{"line":5,"column":7}}},"fnMap":{},"branchMap":{},"s":{"0":0,"1":0,"2":0,"3":0,"4":0},"f":{},"b":{}}
,"/home/capote/repos/contacts/src/app/contact/form/form.actions.js": {"path":"/home/capote/repos/contacts/src/app/contact/form/form.actions.js","statementMap":{"0":{"start":{"line":1,"column":0},"end":{"line":null,"column":-1}},"1":{"start":{"line":2,"column":0},"end":{"line":null,"column":-1}},"2":{"start":{"line":3,"column":0},"end":{"line":null,"column":-1}},"3":{"start":{"line":14,"column":1},"end":{"line":null,"column":-1}},"4":{"start":{"line":14,"column":8},"end":{"line":null,"column":-1}},"5":{"start":{"line":16,"column":2},"end":{"line":null,"column":-1}},"6":{"start":{"line":24,"column":10},"end":{"line":14,"column":8}},"7":{"start":{"line":26,"column":4},"end":{"line":null,"column":-1}},"8":{"start":{"line":32,"column":4},"end":{"line":null,"column":-1}},"9":{"start":{"line":38,"column":9},"end":{"line":14,"column":8}},"10":{"start":{"line":40,"column":3},"end":{"line":null,"column":-1}},"11":{"start":{"line":42,"column":3},"end":{"line":null,"column":-1}},"12":{"start":{"line":50,"column":36},"end":{"line":50,"column":35}},"13":{"start":{"line":52,"column":1},"end":{"line":null,"column":-1}},"14":{"start":{"line":52,"column":8},"end":{"line":null,"column":-1}},"15":{"start":{"line":54,"column":2},"end":{"line":null,"column":-1}},"16":{"start":{"line":60,"column":9},"end":{"line":52,"column":8}},"17":{"start":{"line":62,"column":3},"end":{"line":82,"column":4}},"18":{"start":{"line":64,"column":4},"end":{"line":null,"column":-1}},"19":{"start":{"line":69,"column":4},"end":{"line":null,"column":-1}},"20":{"start":{"line":71,"column":4},"end":{"line":null,"column":-1}},"21":{"start":{"line":74,"column":10},"end":{"line":72,"column":10}},"22":{"start":{"line":76,"column":4},"end":{"line":null,"column":-1}},"23":{"start":{"line":78,"column":4},"end":{"line":null,"column":-1}},"24":{"start":{"line":85,"column":9},"end":{"line":52,"column":8}},"25":{"start":{"line":87,"column":3},"end":{"line":null,"column":-1}},"26":{"start":{"line":89,"column":3},"end":{"line":null,"column":-1}}},"fnMap":{"0":{"name":"getOne","decl":{"start":{"line":12,"column":16},"end":{"line":12,"column":7}},"loc":{"start":{"line":12,"column":27},"end":{"line":48,"column":1}}},"1":{"name":"factory","decl":{"start":{"line":14,"column":23},"end":{"line":14,"column":8}},"loc":{"start":{"line":14,"column":8},"end":{"line":14,"column":1}}},"2":{"name":"factory$","decl":{"start":{"line":14,"column":8},"end":{"line":null,"column":-1}},"loc":{"start":{"line":14,"column":8},"end":{"line":null,"column":-1}}},"3":{"name":"upsert","decl":{"start":{"line":50,"column":16},"end":{"line":50,"column":7}},"loc":{"start":{"line":50,"column":36},"end":{"line":95,"column":1}}},"4":{"name":"factory","decl":{"start":{"line":52,"column":23},"end":{"line":52,"column":8}},"loc":{"start":{"line":52,"column":8},"end":{"line":52,"column":1}}},"5":{"name":"factory$","decl":{"start":{"line":52,"column":8},"end":{"line":null,"column":-1}},"loc":{"start":{"line":52,"column":8},"end":{"line":null,"column":-1}}}},"branchMap":{"0":{"loc":{"start":{"line":14,"column":8},"end":{"line":null,"column":-1}},"type":"switch","locations":[{"start":{"line":14,"column":8},"end":{"line":null,"column":-1}},{"start":{"line":14,"column":8},"end":{"line":null,"column":-1}},{"start":{"line":14,"column":8},"end":{"line":32,"column":4}},{"start":{"line":14,"column":8},"end":{"line":null,"column":-1}},{"start":{"line":14,"column":8},"end":{"line":42,"column":3}},{"start":{"line":14,"column":8},"end":{"line":null,"column":-1}},{"start":{"line":14,"column":8},"end":{"line":null,"column":-1}}]},"1":{"loc":{"start":{"line":14,"column":8},"end":{"line":null,"column":-1}},"type":"if","locations":[{"start":{"line":14,"column":8},"end":{"line":null,"column":-1}},{"start":{"line":14,"column":8},"end":{"line":null,"column":-1}}]},"2":{"loc":{"start":{"line":52,"column":8},"end":{"line":null,"column":-1}},"type":"switch","locations":[{"start":{"line":52,"column":8},"end":{"line":null,"column":-1}},{"start":{"line":52,"column":8},"end":{"line":null,"column":-1}},{"start":{"line":52,"column":8},"end":{"line":null,"column":-1}},{"start":{"line":52,"column":8},"end":{"line":null,"column":-1}},{"start":{"line":52,"column":8},"end":{"line":null,"column":-1}},{"start":{"line":52,"column":8},"end":{"line":89,"column":3}},{"start":{"line":52,"column":8},"end":{"line":null,"column":-1}},{"start":{"line":52,"column":8},"end":{"line":null,"column":-1}}]},"3":{"loc":{"start":{"line":52,"column":8},"end":{"line":null,"column":-1}},"type":"if","locations":[{"start":{"line":52,"column":8},"end":{"line":null,"column":-1}},{"start":{"line":52,"column":8},"end":{"line":null,"column":-1}}]},"4":{"loc":{"start":{"line":62,"column":3},"end":{"line":82,"column":4}},"type":"if","locations":[{"start":{"line":62,"column":3},"end":{"line":82,"column":4}},{"start":{"line":62,"column":3},"end":{"line":82,"column":4}}]},"5":{"loc":{"start":{"line":62,"column":7},"end":{"line":62,"column":17}},"type":"binary-expr","locations":[{"start":{"line":62,"column":7},"end":{"line":62,"column":17}},{"start":{"line":62,"column":18},"end":{"line":62,"column":3}}]},"6":{"loc":{"start":{"line":69,"column":80},"end":{"line":69,"column":67}},"type":"cond-expr","locations":[{"start":{"line":69,"column":80},"end":{"line":69,"column":67}},{"start":{"line":69,"column":92},"end":{"line":69,"column":4}}]}},"s":{"0":0,"1":0,"2":0,"3":0,"4":0,"5":0,"6":0,"7":0,"8":0,"9":0,"10":0,"11":0,"12":0,"13":0,"14":0,"15":0,"16":0,"17":0,"18":0,"19":0,"20":0,"21":0,"22":0,"23":0,"24":0,"25":0,"26":0},"f":{"0":0,"1":0,"2":0,"3":0,"4":0,"5":0},"b":{"0":[0,0,0,0,0,0,0],"1":[0,0],"2":[0,0,0,0,0,0,0,0],"3":[0,0],"4":[0,0],"5":[0,0],"6":[0,0]}}
,"/home/capote/repos/contacts/src/app/contact/form/form.container.js": {"path":"/home/capote/repos/contacts/src/app/contact/form/form.container.js","statementMap":{"0":{"start":{"line":1,"column":0},"end":{"line":null,"column":-1}},"1":{"start":{"line":2,"column":0},"end":{"line":null,"column":-1}},"2":{"start":{"line":3,"column":0},"end":{"line":null,"column":-1}},"3":{"start":{"line":4,"column":0},"end":{"line":null,"column":-1}},"4":{"start":{"line":5,"column":0},"end":{"line":null,"column":-1}},"5":{"start":{"line":6,"column":0},"end":{"line":null,"column":-1}},"6":{"start":{"line":7,"column":0},"end":{"line":null,"column":-1}},"7":{"start":{"line":39,"column":3},"end":{"line":null,"column":-1}},"8":{"start":{"line":43,"column":10},"end":{"line":null,"column":-1}},"9":{"start":{"line":45,"column":2},"end":{"line":52,"column":3}},"10":{"start":{"line":47,"column":3},"end":{"line":null,"column":-1}},"11":{"start":{"line":54,"column":2},"end":{"line":null,"column":-1}},"12":{"start":{"line":59,"column":31},"end":{"line":null,"column":-1}},"13":{"start":{"line":63,"column":31},"end":{"line":null,"column":-1}},"14":{"start":{"line":67,"column":58},"end":{"line":null,"column":-1}},"15":{"start":{"line":71,"column":31},"end":{"line":null,"column":-1}},"16":{"start":{"line":75,"column":31},"end":{"line":null,"column":-1}},"17":{"start":{"line":79,"column":31},"end":{"line":null,"column":-1}},"18":{"start":{"line":84,"column":21},"end":{"line":null,"column":-1}},"19":{"start":{"line":91,"column":21},"end":{"line":null,"column":-1}},"20":{"start":{"line":98,"column":21},"end":{"line":null,"column":-1}},"21":{"start":{"line":130,"column":37},"end":{"line":128,"column":32}},"22":{"start":{"line":128,"column":32},"end":{"line":128,"column":31}},"23":{"start":{"line":132,"column":1},"end":{"line":null,"column":-1}},"24":{"start":{"line":135,"column":13},"end":{"line":135,"column":7}}},"fnMap":{"0":{"name":"onChangeText","decl":{"start":{"line":59,"column":31},"end":{"line":null,"column":-1}},"loc":{"start":{"line":59,"column":31},"end":{"line":59,"column":6}}},"1":{"name":"onChangeText","decl":{"start":{"line":63,"column":31},"end":{"line":null,"column":-1}},"loc":{"start":{"line":63,"column":31},"end":{"line":63,"column":6}}},"2":{"name":"onChangeText","decl":{"start":{"line":67,"column":58},"end":{"line":null,"column":-1}},"loc":{"start":{"line":67,"column":58},"end":{"line":67,"column":6}}},"3":{"name":"onChangeText","decl":{"start":{"line":71,"column":31},"end":{"line":null,"column":-1}},"loc":{"start":{"line":71,"column":31},"end":{"line":71,"column":6}}},"4":{"name":"onChangeText","decl":{"start":{"line":75,"column":31},"end":{"line":null,"column":-1}},"loc":{"start":{"line":75,"column":31},"end":{"line":75,"column":6}}},"5":{"name":"onChangeText","decl":{"start":{"line":79,"column":31},"end":{"line":null,"column":-1}},"loc":{"start":{"line":79,"column":31},"end":{"line":79,"column":6}}},"6":{"name":"onChangeText","decl":{"start":{"line":84,"column":21},"end":{"line":null,"column":-1}},"loc":{"start":{"line":84,"column":21},"end":{"line":83,"column":6}}},"7":{"name":"onChangeText","decl":{"start":{"line":91,"column":21},"end":{"line":null,"column":-1}},"loc":{"start":{"line":91,"column":21},"end":{"line":89,"column":6}}},"8":{"name":"onChangeText","decl":{"start":{"line":98,"column":21},"end":{"line":null,"column":-1}},"loc":{"start":{"line":98,"column":21},"end":{"line":96,"column":6}}},"9":{"name":"mapStateToProps","decl":{"start":{"line":128,"column":9},"end":{"line":128,"column":0}},"loc":{"start":{"line":128,"column":32},"end":{"line":133,"column":1}}}},"branchMap":{"0":{"loc":{"start":{"line":35,"column":6},"end":{"line":35,"column":5}},"type":"binary-expr","locations":[{"start":{"line":35,"column":6},"end":{"line":35,"column":5}},{"start":{"line":35,"column":31},"end":{"line":35,"column":6}},{"start":{"line":35,"column":62},"end":{"line":35,"column":6}}]},"1":{"loc":{"start":{"line":45,"column":2},"end":{"line":52,"column":3}},"type":"if","locations":[{"start":{"line":45,"column":2},"end":{"line":52,"column":3}},{"start":{"line":45,"column":2},"end":{"line":52,"column":3}}]},"2":{"loc":{"start":{"line":60,"column":56},"end":{"line":60,"column":30}},"type":"cond-expr","locations":[{"start":{"line":60,"column":56},"end":{"line":60,"column":30}},{"start":{"line":60,"column":61},"end":{"line":null,"column":-1}}]},"3":{"loc":{"start":{"line":64,"column":61},"end":{"line":64,"column":30}},"type":"cond-expr","locations":[{"start":{"line":64,"column":61},"end":{"line":64,"column":30}},{"start":{"line":64,"column":66},"end":{"line":null,"column":-1}}]},"4":{"loc":{"start":{"line":68,"column":57},"end":{"line":68,"column":30}},"type":"cond-expr","locations":[{"start":{"line":68,"column":57},"end":{"line":68,"column":30}},{"start":{"line":68,"column":62},"end":{"line":null,"column":-1}}]},"5":{"loc":{"start":{"line":72,"column":58},"end":{"line":72,"column":30}},"type":"cond-expr","locations":[{"start":{"line":72,"column":58},"end":{"line":72,"column":30}},{"start":{"line":72,"column":63},"end":{"line":null,"column":-1}}]},"6":{"loc":{"start":{"line":76,"column":64},"end":{"line":76,"column":30}},"type":"cond-expr","locations":[{"start":{"line":76,"column":64},"end":{"line":76,"column":30}},{"start":{"line":76,"column":69},"end":{"line":null,"column":-1}}]},"7":{"loc":{"start":{"line":80,"column":56},"end":{"line":80,"column":30}},"type":"cond-expr","locations":[{"start":{"line":80,"column":56},"end":{"line":80,"column":30}},{"start":{"line":80,"column":61},"end":{"line":null,"column":-1}}]},"8":{"loc":{"start":{"line":86,"column":60},"end":{"line":86,"column":30}},"type":"cond-expr","locations":[{"start":{"line":86,"column":60},"end":{"line":86,"column":30}},{"start":{"line":86,"column":65},"end":{"line":null,"column":-1}}]},"9":{"loc":{"start":{"line":92,"column":14},"end":{"line":92,"column":13}},"type":"cond-expr","locations":[{"start":{"line":92,"column":14},"end":{"line":92,"column":13}},{"start":{"line":92,"column":68},"end":{"line":89,"column":6}}]},"10":{"loc":{"start":{"line":93,"column":58},"end":{"line":93,"column":30}},"type":"cond-expr","locations":[{"start":{"line":93,"column":58},"end":{"line":93,"column":30}},{"start":{"line":93,"column":63},"end":{"line":null,"column":-1}}]},"11":{"loc":{"start":{"line":100,"column":56},"end":{"line":100,"column":30}},"type":"cond-expr","locations":[{"start":{"line":100,"column":56},"end":{"line":100,"column":30}},{"start":{"line":100,"column":61},"end":{"line":null,"column":-1}}]},"12":{"loc":{"start":{"line":106,"column":36},"end":{"line":106,"column":15}},"type":"cond-expr","locations":[{"start":{"line":106,"column":36},"end":{"line":106,"column":15}},{"start":{"line":106,"column":47},"end":{"line":103,"column":7}}]},"13":{"loc":{"start":{"line":108,"column":9},"end":{"line":108,"column":8}},"type":"binary-expr","locations":[{"start":{"line":108,"column":9},"end":{"line":108,"column":8}},{"start":{"line":109,"column":9},"end":{"line":108,"column":9}},{"start":{"line":110,"column":9},"end":{"line":108,"column":9}},{"start":{"line":111,"column":9},"end":{"line":108,"column":9}},{"start":{"line":112,"column":9},"end":{"line":108,"column":9}},{"start":{"line":113,"column":9},"end":{"line":108,"column":9}},{"start":{"line":114,"column":9},"end":{"line":108,"column":9}},{"start":{"line":115,"column":9},"end":{"line":108,"column":9}},{"start":{"line":116,"column":9},"end":{"line":103,"column":7}}]}},"s":{"0":0,"1":0,"2":0,"3":0,"4":0,"5":0,"6":0,"7":0,"8":0,"9":0,"10":0,"11":0,"12":0,"13":0,"14":0,"15":0,"16":0,"17":0,"18":0,"19":0,"20":0,"21":0,"22":0,"23":0,"24":0},"f":{"0":0,"1":0,"2":0,"3":0,"4":0,"5":0,"6":0,"7":0,"8":0,"9":0},"b":{"0":[0,0,0],"1":[0,0],"2":[0,0],"3":[0,0],"4":[0,0],"5":[0,0],"6":[0,0],"7":[0,0],"8":[0,0],"9":[0,0],"10":[0,0],"11":[0,0],"12":[0,0],"13":[0,0,0,0,0,0,0,0,0]}}
,"/home/capote/repos/contacts/src/app/contact/form/form.container.style.js": {"path":"/home/capote/repos/contacts/src/app/contact/form/form.container.style.js","statementMap":{"0":{"start":{"line":1,"column":0},"end":{"line":null,"column":-1}},"1":{"start":{"line":3,"column":13},"end":{"line":3,"column":7}}},"fnMap":{},"branchMap":{},"s":{"0":0,"1":0},"f":{},"b":{}}
,"/home/capote/repos/contacts/src/app/contact/form/form.reducer.js": {"path":"/home/capote/repos/contacts/src/app/contact/form/form.reducer.js","statementMap":{"0":{"start":{"line":1,"column":0},"end":{"line":null,"column":-1}},"1":{"start":{"line":12,"column":22},"end":{"line":12,"column":0}},"2":{"start":{"line":19,"column":66},"end":{"line":19,"column":65}},"3":{"start":{"line":19,"column":66},"end":{"line":null,"column":-1}},"4":{"start":{"line":21,"column":1},"end":{"line":null,"column":-1}},"5":{"start":{"line":25,"column":3},"end":{"line":null,"column":-1}},"6":{"start":{"line":33,"column":3},"end":{"line":null,"column":-1}},"7":{"start":{"line":41,"column":3},"end":{"line":null,"column":-1}},"8":{"start":{"line":49,"column":3},"end":{"line":null,"column":-1}},"9":{"start":{"line":57,"column":3},"end":{"line":null,"column":-1}},"10":{"start":{"line":65,"column":3},"end":{"line":null,"column":-1}},"11":{"start":{"line":74,"column":3},"end":{"line":null,"column":-1}},"12":{"start":{"line":83,"column":3},"end":{"line":null,"column":-1}},"13":{"start":{"line":91,"column":3},"end":{"line":null,"column":-1}}},"fnMap":{"0":{"name":"ContactFormReducer","decl":{"start":{"line":19,"column":16},"end":{"line":19,"column":7}},"loc":{"start":{"line":19,"column":66},"end":{"line":93,"column":1}}}},"branchMap":{"0":{"loc":{"start":{"line":19,"column":66},"end":{"line":19,"column":42}},"type":"cond-expr","locations":[{"start":{"line":19,"column":66},"end":{"line":19,"column":42}},{"start":{"line":19,"column":43},"end":{"line":19,"column":66}}]},"1":{"loc":{"start":{"line":19,"column":66},"end":{"line":19,"column":42}},"type":"binary-expr","locations":[{"start":{"line":19,"column":66},"end":{"line":19,"column":42}},{"start":{"line":19,"column":66},"end":{"line":19,"column":42}}]},"2":{"loc":{"start":{"line":23,"column":2},"end":{"line":25,"column":3}},"type":"switch","locations":[{"start":{"line":23,"column":2},"end":{"line":25,"column":3}},{"start":{"line":31,"column":2},"end":{"line":33,"column":3}},{"start":{"line":39,"column":2},"end":{"line":41,"column":3}},{"start":{"line":47,"column":2},"end":{"line":49,"column":3}},{"start":{"line":55,"column":2},"end":{"line":57,"column":3}},{"start":{"line":63,"column":2},"end":{"line":65,"column":3}},{"start":{"line":72,"column":2},"end":{"line":74,"column":3}},{"start":{"line":81,"column":2},"end":{"line":83,"column":3}},{"start":{"line":89,"column":2},"end":{"line":91,"column":3}}]}},"s":{"0":0,"1":0,"2":0,"3":0,"4":0,"5":0,"6":0,"7":0,"8":0,"9":0,"10":0,"11":0,"12":0,"13":0},"f":{"0":0},"b":{"0":[0,0],"1":[0,0],"2":[0,0,0,0,0,0,0,0,0]}}
,"/home/capote/repos/contacts/src/app/contact/form/form.types.js": {"path":"/home/capote/repos/contacts/src/app/contact/form/form.types.js","statementMap":{"0":{"start":{"line":1,"column":13},"end":{"line":1,"column":7}},"1":{"start":{"line":2,"column":13},"end":{"line":2,"column":7}},"2":{"start":{"line":3,"column":13},"end":{"line":3,"column":7}},"3":{"start":{"line":4,"column":13},"end":{"line":4,"column":7}},"4":{"start":{"line":5,"column":13},"end":{"line":5,"column":7}},"5":{"start":{"line":6,"column":13},"end":{"line":6,"column":7}},"6":{"start":{"line":7,"column":13},"end":{"line":7,"column":7}},"7":{"start":{"line":8,"column":13},"end":{"line":8,"column":7}}},"fnMap":{},"branchMap":{},"s":{"0":0,"1":0,"2":0,"3":0,"4":0,"5":0,"6":0,"7":0},"f":{},"b":{}}
,"/home/capote/repos/contacts/src/app/contact/list/list-item.component.js": {"path":"/home/capote/repos/contacts/src/app/contact/list/list-item.component.js","statementMap":{"0":{"start":{"line":1,"column":0},"end":{"line":null,"column":-1}},"1":{"start":{"line":2,"column":0},"end":{"line":null,"column":-1}},"2":{"start":{"line":10,"column":10},"end":{"line":null,"column":-1}},"3":{"start":{"line":12,"column":2},"end":{"line":null,"column":-1}},"4":{"start":{"line":18,"column":13},"end":{"line":null,"column":-1}}},"fnMap":{"0":{"name":"onPress","decl":{"start":{"line":18,"column":13},"end":{"line":null,"column":-1}},"loc":{"start":{"line":18,"column":13},"end":{"line":null,"column":-1}}}},"branchMap":{"0":{"loc":{"start":{"line":16,"column":38},"end":{"line":16,"column":37}},"type":"binary-expr","locations":[{"start":{"line":16,"column":38},"end":{"line":16,"column":37}},{"start":{"line":16,"column":67},"end":{"line":16,"column":4}}]}},"s":{"0":0,"1":0,"2":0,"3":0,"4":0},"f":{"0":0},"b":{"0":[0,0]}}
,"/home/capote/repos/contacts/src/app/contact/list/list-item.style.js": {"path":"/home/capote/repos/contacts/src/app/contact/list/list-item.style.js","statementMap":{"0":{"start":{"line":1,"column":0},"end":{"line":null,"column":-1}},"1":{"start":{"line":3,"column":13},"end":{"line":3,"column":7}}},"fnMap":{},"branchMap":{},"s":{"0":0,"1":0},"f":{},"b":{}}
,"/home/capote/repos/contacts/src/app/contact/list/list.component.js": {"path":"/home/capote/repos/contacts/src/app/contact/list/list.component.js","statementMap":{"0":{"start":{"line":1,"column":0},"end":{"line":null,"column":-1}},"1":{"start":{"line":2,"column":0},"end":{"line":null,"column":-1}},"2":{"start":{"line":3,"column":0},"end":{"line":null,"column":-1}},"3":{"start":{"line":4,"column":0},"end":{"line":null,"column":-1}},"4":{"start":{"line":12,"column":2},"end":{"line":null,"column":-1}},"5":{"start":{"line":17,"column":2},"end":{"line":null,"column":-1}},"6":{"start":{"line":22,"column":25},"end":{"line":20,"column":17}},"7":{"start":{"line":24,"column":2},"end":{"line":null,"column":-1}},"8":{"start":{"line":29,"column":2},"end":{"line":32,"column":3}},"9":{"start":{"line":31,"column":3},"end":{"line":null,"column":-1}},"10":{"start":{"line":34,"column":2},"end":{"line":null,"column":-1}},"11":{"start":{"line":35,"column":2},"end":{"line":null,"column":-1}},"12":{"start":{"line":38,"column":21},"end":{"line":38,"column":20}},"13":{"start":{"line":40,"column":2},"end":{"line":null,"column":-1}},"14":{"start":{"line":47,"column":2},"end":{"line":50,"column":3}},"15":{"start":{"line":49,"column":3},"end":{"line":null,"column":-1}},"16":{"start":{"line":55,"column":2},"end":{"line":62,"column":3}},"17":{"start":{"line":57,"column":3},"end":{"line":null,"column":-1}},"18":{"start":{"line":64,"column":2},"end":{"line":67,"column":3}},"19":{"start":{"line":66,"column":3},"end":{"line":null,"column":-1}},"20":{"start":{"line":69,"column":2},"end":{"line":76,"column":3}},"21":{"start":{"line":71,"column":3},"end":{"line":null,"column":-1}},"22":{"start":{"line":78,"column":2},"end":{"line":null,"column":-1}},"23":{"start":{"line":85,"column":19},"end":{"line":null,"column":-1}},"24":{"start":{"line":96,"column":15},"end":{"line":96,"column":0}}},"fnMap":{"0":{"name":"keyExtractor","decl":{"start":{"line":85,"column":19},"end":{"line":85,"column":19}},"loc":{"start":{"line":85,"column":19},"end":{"line":82,"column":4}}}},"branchMap":{"0":{"loc":{"start":{"line":29,"column":2},"end":{"line":32,"column":3}},"type":"if","locations":[{"start":{"line":29,"column":2},"end":{"line":32,"column":3}},{"start":{"line":29,"column":2},"end":{"line":32,"column":3}}]},"1":{"loc":{"start":{"line":29,"column":6},"end":{"line":29,"column":5}},"type":"binary-expr","locations":[{"start":{"line":29,"column":6},"end":{"line":29,"column":5}},{"start":{"line":29,"column":32},"end":{"line":29,"column":2}}]},"2":{"loc":{"start":{"line":47,"column":2},"end":{"line":50,"column":3}},"type":"if","locations":[{"start":{"line":47,"column":2},"end":{"line":50,"column":3}},{"start":{"line":47,"column":2},"end":{"line":50,"column":3}}]},"3":{"loc":{"start":{"line":55,"column":2},"end":{"line":62,"column":3}},"type":"if","locations":[{"start":{"line":55,"column":2},"end":{"line":62,"column":3}},{"start":{"line":55,"column":2},"end":{"line":62,"column":3}}]},"4":{"loc":{"start":{"line":55,"column":6},"end":{"line":55,"column":5}},"type":"binary-expr","locations":[{"start":{"line":55,"column":6},"end":{"line":55,"column":5}},{"start":{"line":55,"column":27},"end":{"line":55,"column":2}}]},"5":{"loc":{"start":{"line":64,"column":2},"end":{"line":67,"column":3}},"type":"if","locations":[{"start":{"line":64,"column":2},"end":{"line":67,"column":3}},{"start":{"line":64,"column":2},"end":{"line":67,"column":3}}]},"6":{"loc":{"start":{"line":69,"column":2},"end":{"line":76,"column":3}},"type":"if","locations":[{"start":{"line":69,"column":2},"end":{"line":76,"column":3}},{"start":{"line":69,"column":2},"end":{"line":76,"column":3}}]},"7":{"loc":{"start":{"line":81,"column":85},"end":{"line":81,"column":62}},"type":"cond-expr","locations":[{"start":{"line":81,"column":85},"end":{"line":81,"column":62}},{"start":{"line":81,"column":98},"end":{"line":null,"column":-1}}]}},"s":{"0":0,"1":0,"2":0,"3":0,"4":0,"5":0,"6":0,"7":0,"8":0,"9":0,"10":0,"11":0,"12":0,"13":0,"14":0,"15":0,"16":0,"17":0,"18":0,"19":0,"20":0,"21":0,"22":0,"23":0,"24":0},"f":{"0":0},"b":{"0":[0,0],"1":[0,0],"2":[0,0],"3":[0,0],"4":[0,0],"5":[0,0],"6":[0,0],"7":[0,0]}}
,"/home/capote/repos/contacts/src/app/contact/list/list.container.js": {"path":"/home/capote/repos/contacts/src/app/contact/list/list.container.js","statementMap":{"0":{"start":{"line":1,"column":0},"end":{"line":null,"column":-1}},"1":{"start":{"line":2,"column":0},"end":{"line":null,"column":-1}},"2":{"start":{"line":3,"column":0},"end":{"line":null,"column":-1}},"3":{"start":{"line":5,"column":24},"end":{"line":5,"column":0}},"4":{"start":{"line":13,"column":5},"end":{"line":5,"column":33}},"5":{"start":{"line":5,"column":33},"end":{"line":5,"column":32}},"6":{"start":{"line":15,"column":1},"end":{"line":null,"column":-1}},"7":{"start":{"line":24,"column":27},"end":{"line":24,"column":0}},"8":{"start":{"line":26,"column":1},"end":{"line":null,"column":-1}},"9":{"start":{"line":27,"column":11},"end":{"line":null,"column":-1}},"10":{"start":{"line":31,"column":13},"end":{"line":31,"column":7}}},"fnMap":{"0":{"name":"mapStateToProps","decl":{"start":{"line":5,"column":6},"end":{"line":5,"column":24}},"loc":{"start":{"line":5,"column":33},"end":{"line":5,"column":0}}},"1":{"name":"mapDispatchToProps","decl":{"start":{"line":24,"column":6},"end":{"line":24,"column":27}},"loc":{"start":{"line":24,"column":39},"end":{"line":24,"column":0}}},"2":{"name":"getList","decl":{"start":{"line":27,"column":11},"end":{"line":null,"column":-1}},"loc":{"start":{"line":27,"column":11},"end":{"line":null,"column":-1}}}},"branchMap":{},"s":{"0":0,"1":0,"2":0,"3":0,"4":0,"5":0,"6":0,"7":0,"8":0,"9":0,"10":0},"f":{"0":0,"1":0,"2":0},"b":{}}
,"/home/capote/repos/contacts/src/app/contact/list/list.reducer.js": {"path":"/home/capote/repos/contacts/src/app/contact/list/list.reducer.js","statementMap":{"0":{"start":{"line":1,"column":0},"end":{"line":null,"column":-1}},"1":{"start":{"line":7,"column":13},"end":{"line":7,"column":7}},"2":{"start":{"line":14,"column":66},"end":{"line":14,"column":65}},"3":{"start":{"line":14,"column":66},"end":{"line":null,"column":-1}},"4":{"start":{"line":16,"column":1},"end":{"line":null,"column":-1}},"5":{"start":{"line":21,"column":4},"end":{"line":null,"column":-1}},"6":{"start":{"line":34,"column":8},"end":{"line":29,"column":3}},"7":{"start":{"line":29,"column":3},"end":{"line":29,"column":2}},"8":{"start":{"line":36,"column":4},"end":{"line":null,"column":-1}},"9":{"start":{"line":47,"column":4},"end":{"line":null,"column":-1}},"10":{"start":{"line":57,"column":4},"end":{"line":null,"column":-1}}},"fnMap":{"0":{"name":"ContactListReducer","decl":{"start":{"line":14,"column":16},"end":{"line":14,"column":7}},"loc":{"start":{"line":14,"column":66},"end":{"line":60,"column":1}}}},"branchMap":{"0":{"loc":{"start":{"line":14,"column":66},"end":{"line":14,"column":42}},"type":"cond-expr","locations":[{"start":{"line":14,"column":66},"end":{"line":14,"column":42}},{"start":{"line":14,"column":43},"end":{"line":14,"column":66}}]},"1":{"loc":{"start":{"line":14,"column":66},"end":{"line":14,"column":42}},"type":"binary-expr","locations":[{"start":{"line":14,"column":66},"end":{"line":14,"column":42}},{"start":{"line":14,"column":66},"end":{"line":14,"column":42}}]},"2":{"loc":{"start":{"line":18,"column":2},"end":{"line":26,"column":4}},"type":"switch","locations":[{"start":{"line":18,"column":2},"end":{"line":26,"column":4}},{"start":{"line":28,"column":2},"end":{"line":42,"column":4}},{"start":{"line":44,"column":2},"end":{"line":52,"column":4}},{"start":{"line":54,"column":2},"end":{"line":58,"column":4}}]}},"s":{"0":0,"1":0,"2":0,"3":0,"4":0,"5":0,"6":0,"7":0,"8":0,"9":0,"10":0},"f":{"0":0},"b":{"0":[0,0],"1":[0,0],"2":[0,0,0,0]}}
,"/home/capote/repos/contacts/src/app/error-block/error-block.component.js": {"path":"/home/capote/repos/contacts/src/app/error-block/error-block.component.js","statementMap":{"0":{"start":{"line":1,"column":0},"end":{"line":null,"column":-1}},"1":{"start":{"line":2,"column":0},"end":{"line":null,"column":-1}},"2":{"start":{"line":3,"column":0},"end":{"line":null,"column":-1}},"3":{"start":{"line":9,"column":32},"end":{"line":7,"column":16}},"4":{"start":{"line":7,"column":16},"end":{"line":7,"column":15}},"5":{"start":{"line":11,"column":2},"end":{"line":14,"column":3}},"6":{"start":{"line":13,"column":3},"end":{"line":null,"column":-1}},"7":{"start":{"line":16,"column":2},"end":{"line":null,"column":-1}},"8":{"start":{"line":29,"column":29},"end":{"line":27,"column":10}},"9":{"start":{"line":27,"column":10},"end":{"line":27,"column":9}},"10":{"start":{"line":31,"column":2},"end":{"line":null,"column":-1}},"11":{"start":{"line":41,"column":15},"end":{"line":41,"column":0}}},"fnMap":{},"branchMap":{"0":{"loc":{"start":{"line":11,"column":2},"end":{"line":14,"column":3}},"type":"if","locations":[{"start":{"line":11,"column":2},"end":{"line":14,"column":3}},{"start":{"line":11,"column":2},"end":{"line":14,"column":3}}]},"1":{"loc":{"start":{"line":33,"column":16},"end":{"line":33,"column":23}},"type":"binary-expr","locations":[{"start":{"line":33,"column":16},"end":{"line":33,"column":23}},{"start":{"line":33,"column":24},"end":{"line":33,"column":4}}]}},"s":{"0":0,"1":0,"2":0,"3":0,"4":0,"5":0,"6":0,"7":0,"8":0,"9":0,"10":0,"11":0},"f":{},"b":{"0":[0,0],"1":[0,0]}}
,"/home/capote/repos/contacts/src/app/navigation/app.navigation.container.js": {"path":"/home/capote/repos/contacts/src/app/navigation/app.navigation.container.js","statementMap":{"0":{"start":{"line":1,"column":0},"end":{"line":null,"column":-1}},"1":{"start":{"line":2,"column":0},"end":{"line":null,"column":-1}},"2":{"start":{"line":3,"column":0},"end":{"line":null,"column":-1}},"3":{"start":{"line":4,"column":0},"end":{"line":null,"column":-1}},"4":{"start":{"line":5,"column":0},"end":{"line":null,"column":-1}},"5":{"start":{"line":6,"column":0},"end":{"line":null,"column":-1}},"6":{"start":{"line":14,"column":2},"end":{"line":null,"column":-1}},"7":{"start":{"line":19,"column":2},"end":{"line":null,"column":-1}},"8":{"start":{"line":51,"column":28},"end":{"line":49,"column":15}},"9":{"start":{"line":49,"column":15},"end":{"line":49,"column":14}},"10":{"start":{"line":53,"column":2},"end":{"line":56,"column":3}},"11":{"start":{"line":55,"column":3},"end":{"line":null,"column":-1}},"12":{"start":{"line":58,"column":2},"end":{"line":null,"column":-1}},"13":{"start":{"line":60,"column":2},"end":{"line":null,"column":-1}},"14":{"start":{"line":65,"column":28},"end":{"line":63,"column":10}},"15":{"start":{"line":63,"column":10},"end":{"line":63,"column":9}},"16":{"start":{"line":67,"column":21},"end":{"line":67,"column":2}},"17":{"start":{"line":72,"column":2},"end":{"line":null,"column":-1}},"18":{"start":{"line":74,"column":2},"end":{"line":null,"column":-1}},"19":{"start":{"line":24,"column":21},"end":{"line":24,"column":2}},"20":{"start":{"line":24,"column":37},"end":{"line":null,"column":-1}},"21":{"start":{"line":26,"column":2},"end":{"line":39,"column":3}},"22":{"start":{"line":28,"column":23},"end":{"line":28,"column":3}},"23":{"start":{"line":30,"column":3},"end":{"line":38,"column":4}},"24":{"start":{"line":32,"column":25},"end":{"line":32,"column":4}},"25":{"start":{"line":34,"column":4},"end":{"line":37,"column":5}},"26":{"start":{"line":36,"column":5},"end":{"line":null,"column":-1}},"27":{"start":{"line":41,"column":2},"end":{"line":44,"column":3}},"28":{"start":{"line":41,"column":49},"end":{"line":null,"column":-1}},"29":{"start":{"line":43,"column":3},"end":{"line":null,"column":-1}},"30":{"start":{"line":46,"column":2},"end":{"line":null,"column":-1}},"31":{"start":{"line":78,"column":24},"end":{"line":78,"column":0}},"32":{"start":{"line":78,"column":24},"end":{"line":null,"column":-1}},"33":{"start":{"line":80,"column":13},"end":{"line":80,"column":7}}},"fnMap":{"0":{"name":"(anonymous_15)","decl":{"start":{"line":24,"column":37},"end":{"line":null,"column":-1}},"loc":{"start":{"line":24,"column":37},"end":{"line":24,"column":21}}},"1":{"name":"(anonymous_16)","decl":{"start":{"line":41,"column":49},"end":{"line":null,"column":-1}},"loc":{"start":{"line":41,"column":49},"end":{"line":41,"column":33}}},"2":{"name":"mapStateToProps","decl":{"start":{"line":78,"column":6},"end":{"line":78,"column":24}},"loc":{"start":{"line":78,"column":24},"end":{"line":78,"column":0}}}},"branchMap":{"0":{"loc":{"start":{"line":53,"column":2},"end":{"line":56,"column":3}},"type":"if","locations":[{"start":{"line":53,"column":2},"end":{"line":56,"column":3}},{"start":{"line":53,"column":2},"end":{"line":56,"column":3}}]},"1":{"loc":{"start":{"line":26,"column":2},"end":{"line":39,"column":3}},"type":"if","locations":[{"start":{"line":26,"column":2},"end":{"line":39,"column":3}},{"start":{"line":26,"column":2},"end":{"line":39,"column":3}}]},"2":{"loc":{"start":{"line":30,"column":3},"end":{"line":38,"column":4}},"type":"if","locations":[{"start":{"line":30,"column":3},"end":{"line":38,"column":4}},{"start":{"line":30,"column":3},"end":{"line":38,"column":4}}]},"3":{"loc":{"start":{"line":30,"column":7},"end":{"line":30,"column":6}},"type":"binary-expr","locations":[{"start":{"line":30,"column":7},"end":{"line":30,"column":6}},{"start":{"line":30,"column":50},"end":{"line":30,"column":3}}]},"4":{"loc":{"start":{"line":34,"column":4},"end":{"line":37,"column":5}},"type":"if","locations":[{"start":{"line":34,"column":4},"end":{"line":37,"column":5}},{"start":{"line":34,"column":4},"end":{"line":37,"column":5}}]},"5":{"loc":{"start":{"line":34,"column":8},"end":{"line":34,"column":7}},"type":"binary-expr","locations":[{"start":{"line":34,"column":8},"end":{"line":34,"column":7}},{"start":{"line":34,"column":44},"end":{"line":34,"column":4}}]},"6":{"loc":{"start":{"line":41,"column":2},"end":{"line":44,"column":3}},"type":"if","locations":[{"start":{"line":41,"column":2},"end":{"line":44,"column":3}},{"start":{"line":41,"column":2},"end":{"line":44,"column":3}}]},"7":{"loc":{"start":{"line":41,"column":6},"end":{"line":41,"column":5}},"type":"binary-expr","locations":[{"start":{"line":41,"column":6},"end":{"line":41,"column":5}},{"start":{"line":41,"column":33},"end":{"line":41,"column":2}}]}},"s":{"0":0,"1":0,"2":0,"3":0,"4":0,"5":0,"6":0,"7":0,"8":0,"9":0,"10":0,"11":0,"12":0,"13":0,"14":0,"15":0,"16":0,"17":0,"18":0,"19":0,"20":0,"21":0,"22":0,"23":0,"24":0,"25":0,"26":0,"27":0,"28":0,"29":0,"30":0,"31":0,"32":0,"33":0},"f":{"0":0,"1":0,"2":0},"b":{"0":[0,0],"1":[0,0],"2":[0,0],"3":[0,0],"4":[0,0],"5":[0,0],"6":[0,0],"7":[0,0]}}
,"/home/capote/repos/contacts/src/app/navigation/app.navigation.js": {"path":"/home/capote/repos/contacts/src/app/navigation/app.navigation.js","statementMap":{"0":{"start":{"line":2,"column":0},"end":{"line":null,"column":-1}},"1":{"start":{"line":3,"column":0},"end":{"line":null,"column":-1}},"2":{"start":{"line":5,"column":13},"end":{"line":5,"column":7}},"3":{"start":{"line":11,"column":13},"end":{"line":11,"column":7}},"4":{"start":{"line":17,"column":13},"end":{"line":17,"column":7}}},"fnMap":{},"branchMap":{},"s":{"0":0,"1":0,"2":0,"3":0,"4":0},"f":{},"b":{}}
,"/home/capote/repos/contacts/src/app/navigation/navigation.js": {"path":"/home/capote/repos/contacts/src/app/navigation/navigation.js","statementMap":{"0":{"start":{"line":1,"column":0},"end":{"line":null,"column":-1}},"1":{"start":{"line":2,"column":0},"end":{"line":null,"column":-1}},"2":{"start":{"line":3,"column":0},"end":{"line":null,"column":-1}},"3":{"start":{"line":4,"column":0},"end":{"line":null,"column":-1}},"4":{"start":{"line":5,"column":0},"end":{"line":null,"column":-1}},"5":{"start":{"line":6,"column":0},"end":{"line":null,"column":-1}},"6":{"start":{"line":10,"column":20},"end":{"line":10,"column":0}},"7":{"start":{"line":12,"column":20},"end":{"line":12,"column":19}},"8":{"start":{"line":12,"column":20},"end":{"line":null,"column":-1}},"9":{"start":{"line":18,"column":13},"end":{"line":null,"column":-1}},"10":{"start":{"line":27,"column":20},"end":{"line":27,"column":0}},"11":{"start":{"line":29,"column":20},"end":{"line":29,"column":19}},"12":{"start":{"line":29,"column":20},"end":{"line":null,"column":-1}},"13":{"start":{"line":35,"column":13},"end":{"line":null,"column":-1}},"14":{"start":{"line":44,"column":22},"end":{"line":44,"column":0}},"15":{"start":{"line":46,"column":20},"end":{"line":null,"column":-1}},"16":{"start":{"line":53,"column":13},"end":{"line":53,"column":7}},"17":{"start":{"line":59,"column":13},"end":{"line":59,"column":7}},"18":{"start":{"line":62,"column":20},"end":{"line":null,"column":-1}},"19":{"start":{"line":70,"column":13},"end":{"line":70,"column":7}}},"fnMap":{"0":{"name":"navigationOptions","decl":{"start":{"line":12,"column":20},"end":{"line":null,"column":-1}},"loc":{"start":{"line":12,"column":20},"end":{"line":null,"column":-1}}},"1":{"name":"onPress","decl":{"start":{"line":18,"column":13},"end":{"line":null,"column":-1}},"loc":{"start":{"line":18,"column":13},"end":{"line":15,"column":3}}},"2":{"name":"navigationOptions","decl":{"start":{"line":29,"column":20},"end":{"line":null,"column":-1}},"loc":{"start":{"line":29,"column":20},"end":{"line":null,"column":-1}}},"3":{"name":"onPress","decl":{"start":{"line":35,"column":13},"end":{"line":null,"column":-1}},"loc":{"start":{"line":35,"column":13},"end":{"line":32,"column":3}}},"4":{"name":"navigationOptions","decl":{"start":{"line":46,"column":20},"end":{"line":null,"column":-1}},"loc":{"start":{"line":46,"column":20},"end":{"line":null,"column":-1}}},"5":{"name":"navigationOptions","decl":{"start":{"line":62,"column":20},"end":{"line":null,"column":-1}},"loc":{"start":{"line":62,"column":20},"end":{"line":null,"column":-1}}}},"branchMap":{"0":{"loc":{"start":{"line":30,"column":58},"end":{"line":30,"column":12}},"type":"cond-expr","locations":[{"start":{"line":30,"column":58},"end":{"line":30,"column":12}},{"start":{"line":30,"column":90},"end":{"line":30,"column":2}}]},"1":{"loc":{"start":{"line":30,"column":12},"end":{"line":30,"column":11}},"type":"binary-expr","locations":[{"start":{"line":30,"column":12},"end":{"line":30,"column":11}},{"start":{"line":30,"column":32},"end":{"line":30,"column":12}}]}},"s":{"0":0,"1":0,"2":0,"3":0,"4":0,"5":0,"6":0,"7":0,"8":0,"9":0,"10":0,"11":0,"12":0,"13":0,"14":0,"15":0,"16":0,"17":0,"18":0,"19":0},"f":{"0":0,"1":0,"2":0,"3":0,"4":0,"5":0},"b":{"0":[0,0],"1":[0,0]}}
,"/home/capote/repos/contacts/src/app/navigation/navigation.service.js": {"path":"/home/capote/repos/contacts/src/app/navigation/navigation.service.js","statementMap":{"0":{"start":{"line":1,"column":0},"end":{"line":null,"column":-1}},"1":{"start":{"line":3,"column":4},"end":{"line":3,"column":0}},"2":{"start":{"line":7,"column":1},"end":{"line":null,"column":-1}},"3":{"start":{"line":12,"column":1},"end":{"line":null,"column":-1}},"4":{"start":{"line":26,"column":1},"end":{"line":null,"column":-1}},"5":{"start":{"line":35,"column":1},"end":{"line":null,"column":-1}},"6":{"start":{"line":36,"column":2},"end":{"line":null,"column":-1}},"7":{"start":{"line":46,"column":50},"end":{"line":46,"column":49}},"8":{"start":{"line":48,"column":1},"end":{"line":null,"column":-1}},"9":{"start":{"line":52,"column":3},"end":{"line":null,"column":-1}},"10":{"start":{"line":59,"column":24},"end":{"line":59,"column":1}},"11":{"start":{"line":65,"column":1},"end":{"line":null,"column":-1}},"12":{"start":{"line":70,"column":1},"end":{"line":73,"column":2}},"13":{"start":{"line":72,"column":2},"end":{"line":null,"column":-1}},"14":{"start":{"line":75,"column":1},"end":{"line":null,"column":-1}}},"fnMap":{"0":{"name":"setContainer","decl":{"start":{"line":5,"column":16},"end":{"line":5,"column":7}},"loc":{"start":{"line":5,"column":48},"end":{"line":8,"column":1}}},"1":{"name":"reset","decl":{"start":{"line":10,"column":16},"end":{"line":10,"column":7}},"loc":{"start":{"line":10,"column":68},"end":{"line":22,"column":1}}},"2":{"name":"navigate","decl":{"start":{"line":24,"column":16},"end":{"line":24,"column":7}},"loc":{"start":{"line":24,"column":71},"end":{"line":31,"column":1}}},"3":{"name":"navigateDeep","decl":{"start":{"line":33,"column":16},"end":{"line":33,"column":7}},"loc":{"start":{"line":33,"column":90},"end":{"line":44,"column":1}}},"4":{"name":"(anonymous_4)","decl":{"start":{"line":36,"column":2},"end":{"line":36,"column":2}},"loc":{"start":{"line":36,"column":2},"end":{"line":35,"column":21}}},"5":{"name":"navigateReset","decl":{"start":{"line":46,"column":16},"end":{"line":46,"column":7}},"loc":{"start":{"line":46,"column":50},"end":{"line":55,"column":1}}},"6":{"name":"(anonymous_6)","decl":{"start":{"line":50,"column":23},"end":{"line":50,"column":32}},"loc":{"start":{"line":50,"column":33},"end":{"line":50,"column":11}}},"7":{"name":"navigateTo","decl":{"start":{"line":57,"column":16},"end":{"line":57,"column":7}},"loc":{"start":{"line":57,"column":35},"end":{"line":66,"column":1}}},"8":{"name":"getCurrentRoute","decl":{"start":{"line":68,"column":16},"end":{"line":68,"column":7}},"loc":{"start":{"line":68,"column":58},"end":{"line":76,"column":1}}}},"branchMap":{"0":{"loc":{"start":{"line":46,"column":50},"end":{"line":46,"column":46}},"type":"cond-expr","locations":[{"start":{"line":46,"column":50},"end":{"line":46,"column":46}},{"start":{"line":46,"column":47},"end":{"line":46,"column":50}}]},"1":{"loc":{"start":{"line":46,"column":50},"end":{"line":46,"column":46}},"type":"binary-expr","locations":[{"start":{"line":46,"column":50},"end":{"line":46,"column":46}},{"start":{"line":46,"column":50},"end":{"line":46,"column":46}}]},"2":{"loc":{"start":{"line":70,"column":1},"end":{"line":73,"column":2}},"type":"if","locations":[{"start":{"line":70,"column":1},"end":{"line":73,"column":2}},{"start":{"line":70,"column":1},"end":{"line":73,"column":2}}]},"3":{"loc":{"start":{"line":70,"column":5},"end":{"line":70,"column":4}},"type":"binary-expr","locations":[{"start":{"line":70,"column":5},"end":{"line":70,"column":4}},{"start":{"line":70,"column":20},"end":{"line":70,"column":1}}]},"4":{"loc":{"start":{"line":75,"column":8},"end":{"line":75,"column":66}},"type":"binary-expr","locations":[{"start":{"line":75,"column":8},"end":{"line":75,"column":66}},{"start":{"line":75,"column":67},"end":{"line":75,"column":1}}]}},"s":{"0":0,"1":0,"2":0,"3":0,"4":0,"5":0,"6":0,"7":0,"8":0,"9":0,"10":0,"11":0,"12":0,"13":0,"14":0},"f":{"0":0,"1":0,"2":0,"3":0,"4":0,"5":0,"6":0,"7":0,"8":0},"b":{"0":[0,0],"1":[0,0],"2":[0,0],"3":[0,0],"4":[0,0]}}
,"/home/capote/repos/contacts/src/app/navigation/sidebar.navigation.js": {"path":"/home/capote/repos/contacts/src/app/navigation/sidebar.navigation.js","statementMap":{"0":{"start":{"line":1,"column":0},"end":{"line":null,"column":-1}},"1":{"start":{"line":2,"column":0},"end":{"line":null,"column":-1}},"2":{"start":{"line":3,"column":0},"end":{"line":null,"column":-1}},"3":{"start":{"line":4,"column":0},"end":{"line":null,"column":-1}},"4":{"start":{"line":6,"column":13},"end":{"line":6,"column":7}},"5":{"start":{"line":14,"column":1},"end":{"line":null,"column":-1}},"6":{"start":{"line":26,"column":13},"end":{"line":26,"column":7}}},"fnMap":{"0":{"name":"sidebarSettings","decl":{"start":{"line":12,"column":16},"end":{"line":12,"column":7}},"loc":{"start":{"line":12,"column":34},"end":{"line":24,"column":1}}}},"branchMap":{},"s":{"0":0,"1":0,"2":0,"3":0,"4":0,"5":0,"6":0},"f":{"0":0},"b":{}}
,"/home/capote/repos/contacts/src/app/sidebar/sidebar-options.component.js": {"path":"/home/capote/repos/contacts/src/app/sidebar/sidebar-options.component.js","statementMap":{"0":{"start":{"line":1,"column":0},"end":{"line":null,"column":-1}},"1":{"start":{"line":2,"column":0},"end":{"line":null,"column":-1}},"2":{"start":{"line":3,"column":0},"end":{"line":null,"column":-1}},"3":{"start":{"line":7,"column":10},"end":{"line":null,"column":-1}},"4":{"start":{"line":9,"column":2},"end":{"line":null,"column":-1}},"5":{"start":{"line":18,"column":14},"end":{"line":null,"column":-1}},"6":{"start":{"line":27,"column":14},"end":{"line":null,"column":-1}}},"fnMap":{"0":{"name":"onPress","decl":{"start":{"line":18,"column":14},"end":{"line":null,"column":-1}},"loc":{"start":{"line":18,"column":14},"end":{"line":null,"column":-1}}},"1":{"name":"onPress","decl":{"start":{"line":27,"column":14},"end":{"line":null,"column":-1}},"loc":{"start":{"line":27,"column":14},"end":{"line":null,"column":-1}}}},"branchMap":{},"s":{"0":0,"1":0,"2":0,"3":0,"4":0,"5":0,"6":0},"f":{"0":0,"1":0},"b":{}}
,"/home/capote/repos/contacts/src/app/sidebar/sidebar.container.js": {"path":"/home/capote/repos/contacts/src/app/sidebar/sidebar.container.js","statementMap":{"0":{"start":{"line":1,"column":0},"end":{"line":null,"column":-1}},"1":{"start":{"line":2,"column":0},"end":{"line":null,"column":-1}},"2":{"start":{"line":3,"column":0},"end":{"line":null,"column":-1}},"3":{"start":{"line":4,"column":0},"end":{"line":null,"column":-1}},"4":{"start":{"line":5,"column":0},"end":{"line":null,"column":-1}},"5":{"start":{"line":6,"column":0},"end":{"line":null,"column":-1}},"6":{"start":{"line":12,"column":2},"end":{"line":null,"column":-1}},"7":{"start":{"line":22,"column":2},"end":{"line":null,"column":-1}},"8":{"start":{"line":37,"column":24},"end":{"line":37,"column":0}},"9":{"start":{"line":39,"column":1},"end":{"line":null,"column":-1}},"10":{"start":{"line":42,"column":13},"end":{"line":42,"column":7}}},"fnMap":{"0":{"name":"mapStateToProps","decl":{"start":{"line":37,"column":6},"end":{"line":37,"column":24}},"loc":{"start":{"line":37,"column":33},"end":{"line":37,"column":0}}}},"branchMap":{},"s":{"0":0,"1":0,"2":0,"3":0,"4":0,"5":0,"6":0,"7":0,"8":0,"9":0,"10":0},"f":{"0":0},"b":{}}
,"/home/capote/repos/contacts/src/app/sidebar/sidebar.style.js": {"path":"/home/capote/repos/contacts/src/app/sidebar/sidebar.style.js","statementMap":{"0":{"start":{"line":1,"column":0},"end":{"line":null,"column":-1}},"1":{"start":{"line":3,"column":13},"end":{"line":3,"column":7}}},"fnMap":{},"branchMap":{},"s":{"0":0,"1":0},"f":{},"b":{}}
,"/home/capote/repos/contacts/src/app/ui/form.render.component.js": {"path":"/home/capote/repos/contacts/src/app/ui/form.render.component.js","statementMap":{"0":{"start":{"line":1,"column":0},"end":{"line":null,"column":-1}},"1":{"start":{"line":2,"column":0},"end":{"line":null,"column":-1}},"2":{"start":{"line":3,"column":0},"end":{"line":null,"column":-1}},"3":{"start":{"line":9,"column":2},"end":{"line":16,"column":3}},"4":{"start":{"line":11,"column":3},"end":{"line":null,"column":-1}},"5":{"start":{"line":18,"column":2},"end":{"line":null,"column":-1}}},"fnMap":{},"branchMap":{"0":{"loc":{"start":{"line":9,"column":2},"end":{"line":16,"column":3}},"type":"if","locations":[{"start":{"line":9,"column":2},"end":{"line":16,"column":3}},{"start":{"line":9,"column":2},"end":{"line":16,"column":3}}]}},"s":{"0":0,"1":0,"2":0,"3":0,"4":0,"5":0},"f":{},"b":{"0":[0,0]}}
,"/home/capote/repos/contacts/src/common/create-stores.reducer.js": {"path":"/home/capote/repos/contacts/src/common/create-stores.reducer.js","statementMap":{"0":{"start":{"line":1,"column":0},"end":{"line":null,"column":-1}},"1":{"start":{"line":2,"column":0},"end":{"line":null,"column":-1}},"2":{"start":{"line":3,"column":0},"end":{"line":null,"column":-1}},"3":{"start":{"line":4,"column":0},"end":{"line":null,"column":-1}},"4":{"start":{"line":5,"column":0},"end":{"line":null,"column":-1}},"5":{"start":{"line":6,"column":0},"end":{"line":null,"column":-1}},"6":{"start":{"line":10,"column":1},"end":{"line":null,"column":-1}},"7":{"start":{"line":15,"column":1},"end":{"line":null,"column":-1}},"8":{"start":{"line":25,"column":21},"end":{"line":25,"column":1}},"9":{"start":{"line":27,"column":1},"end":{"line":null,"column":-1}}},"fnMap":{"0":{"name":"NavReducer","decl":{"start":{"line":8,"column":16},"end":{"line":8,"column":7}},"loc":{"start":{"line":8,"column":42},"end":{"line":11,"column":1}}},"1":{"name":"getObjectReducers","decl":{"start":{"line":13,"column":16},"end":{"line":13,"column":7}},"loc":{"start":{"line":13,"column":36},"end":{"line":21,"column":1}}},"2":{"name":"createStores","decl":{"start":{"line":23,"column":16},"end":{"line":23,"column":7}},"loc":{"start":{"line":23,"column":31},"end":{"line":28,"column":1}}}},"branchMap":{},"s":{"0":0,"1":0,"2":0,"3":0,"4":0,"5":0,"6":0,"7":0,"8":0,"9":0},"f":{"0":0,"1":0,"2":0},"b":{}}
,"/home/capote/repos/contacts/src/common/drop-down-holder.service.js": {"path":"/home/capote/repos/contacts/src/common/drop-down-holder.service.js","statementMap":{"0":{"start":{"line":7,"column":2},"end":{"line":null,"column":-1}},"1":{"start":{"line":12,"column":2},"end":{"line":null,"column":-1}}},"fnMap":{},"branchMap":{},"s":{"0":0,"1":0},"f":{},"b":{}}
}
