TN:
SF:/home/capote/repos/contacts/src/ContactsApp.js
FNF:0
FNH:0
DA:1,0
DA:2,0
DA:3,0
DA:4,0
DA:5,0
DA:6,0
DA:7,0
DA:8,0
DA:9,0
DA:11,0
DA:13,0
DA:19,0
DA:30,0
LF:13
LH:0
BRF:0
BRH:0
end_of_record
TN:
SF:/home/capote/repos/contacts/src/app/contact/contact.actions.js
FN:8,read
FN:10,(anonymous_2)
FN:16,(anonymous_3)
FN:25,(anonymous_4)
FNF:4
FNH:0
FNDA:0,read
FNDA:0,(anonymous_2)
FNDA:0,(anonymous_3)
FNDA:0,(anonymous_4)
DA:1,0
DA:2,0
DA:10,0
DA:12,0
DA:16,0
DA:18,0
DA:27,0
LF:7
LH:0
BRF:0
BRH:0
end_of_record
TN:
SF:/home/capote/repos/contacts/src/app/contact/contact.service.js
FN:6,getData
FN:11,showList
FN:18,showDetail
FN:28,create
FN:33,update
FN:38,read
FN:43,del
FNF:7
FNH:0
FNDA:0,getData
FNDA:0,showList
FNDA:0,showDetail
FNDA:0,create
FNDA:0,update
FNDA:0,read
FNDA:0,del
DA:1,0
DA:2,0
DA:8,0
DA:13,0
DA:20,0
DA:30,0
DA:35,0
DA:40,0
DA:45,0
LF:9
LH:0
BRDA:40,0,0,0
BRDA:40,0,1,0
BRF:2
BRH:0
end_of_record
TN:
SF:/home/capote/repos/contacts/src/app/contact/contact.types.js
FNF:0
FNH:0
DA:1,0
DA:2,0
DA:3,0
LF:3
LH:0
BRF:0
BRH:0
end_of_record
TN:
SF:/home/capote/repos/contacts/src/app/contact/detail/detail.actions.js
FN:11,remove
FN:13,factory
FN:13,factory$
FN:44,getOne
FN:46,factory
FN:46,factory$
FNF:6
FNH:0
FNDA:0,remove
FNDA:0,factory
FNDA:0,factory$
FNDA:0,getOne
FNDA:0,factory
FNDA:0,factory$
DA:1,0
DA:2,0
DA:3,0
DA:13,0
DA:15,0
DA:21,0
DA:23,0
DA:27,0
DA:29,0
DA:32,0
DA:34,0
DA:36,0
DA:46,0
DA:48,0
DA:54,0
DA:56,0
DA:62,0
DA:64,0
DA:66,0
LF:19
LH:0
BRDA:13,0,0,0
BRDA:13,0,1,0
BRDA:13,0,2,0
BRDA:13,0,3,0
BRDA:13,0,4,0
BRDA:46,1,0,0
BRDA:46,1,1,0
BRDA:46,1,2,0
BRDA:46,1,3,0
BRDA:46,1,4,0
BRF:10
BRH:0
end_of_record
TN:
SF:/home/capote/repos/contacts/src/app/contact/detail/detail.container.js
FN:31,onPress
FN:140,mapStateToProps
FNF:2
FNH:0
FNDA:0,onPress
FNDA:0,mapStateToProps
DA:1,0
DA:2,0
DA:3,0
DA:4,0
DA:5,0
DA:6,0
DA:7,0
DA:11,0
DA:13,0
DA:15,0
DA:21,0
DA:23,0
DA:31,0
DA:46,0
DA:48,0
DA:55,0
DA:57,0
DA:64,0
DA:140,0
DA:142,0
DA:144,0
DA:147,0
LF:22
LH:0
BRDA:46,0,0,0
BRDA:46,0,1,0
BRDA:55,1,0,0
BRDA:55,1,1,0
BRF:4
BRH:0
end_of_record
TN:
SF:/home/capote/repos/contacts/src/app/contact/detail/detail.container.style.js
FNF:0
FNH:0
DA:1,0
DA:3,0
LF:2
LH:0
BRF:0
BRH:0
end_of_record
TN:
SF:/home/capote/repos/contacts/src/app/contact/detail/detail.reducer.js
FN:15,ContactDetailReducer
FNF:1
FNH:0
FNDA:0,ContactDetailReducer
DA:1,0
DA:9,0
DA:15,0
DA:17,0
DA:21,0
DA:28,0
DA:36,0
DA:44,0
DA:51,0
DA:59,0
LF:10
LH:0
BRDA:15,0,0,0
BRDA:15,0,1,0
BRDA:15,1,0,0
BRDA:15,1,1,0
BRDA:19,2,0,0
BRDA:19,2,1,0
BRDA:19,2,2,0
BRDA:19,2,3,0
BRDA:19,2,4,0
BRDA:19,2,5,0
BRF:10
BRH:0
end_of_record
TN:
SF:/home/capote/repos/contacts/src/app/contact/detail/detail.types.js
FNF:0
FNH:0
DA:1,0
DA:2,0
DA:3,0
DA:4,0
DA:5,0
LF:5
LH:0
BRF:0
BRH:0
end_of_record
TN:
SF:/home/capote/repos/contacts/src/app/contact/form/form.actions.js
FN:12,getOne
FN:14,factory
FN:14,factory$
FN:50,upsert
FN:52,factory
FN:52,factory$
FNF:6
FNH:0
FNDA:0,getOne
FNDA:0,factory
FNDA:0,factory$
FNDA:0,upsert
FNDA:0,factory
FNDA:0,factory$
DA:1,0
DA:2,0
DA:3,0
DA:14,0
DA:16,0
DA:24,0
DA:26,0
DA:32,0
DA:38,0
DA:40,0
DA:42,0
DA:50,0
DA:52,0
DA:54,0
DA:60,0
DA:62,0
DA:64,0
DA:69,0
DA:71,0
DA:74,0
DA:76,0
DA:78,0
DA:85,0
DA:87,0
DA:89,0
LF:25
LH:0
BRDA:14,0,0,0
BRDA:14,0,1,0
BRDA:14,0,2,0
BRDA:14,0,3,0
BRDA:14,0,4,0
BRDA:14,0,5,0
BRDA:14,0,6,0
BRDA:14,1,0,0
BRDA:14,1,1,0
BRDA:52,2,0,0
BRDA:52,2,1,0
BRDA:52,2,2,0
BRDA:52,2,3,0
BRDA:52,2,4,0
BRDA:52,2,5,0
BRDA:52,2,6,0
BRDA:52,2,7,0
BRDA:52,3,0,0
BRDA:52,3,1,0
BRDA:62,4,0,0
BRDA:62,4,1,0
BRDA:62,5,0,0
BRDA:62,5,1,0
BRDA:69,6,0,0
BRDA:69,6,1,0
BRF:25
BRH:0
end_of_record
TN:
SF:/home/capote/repos/contacts/src/app/contact/form/form.container.js
FN:59,onChangeText
FN:63,onChangeText
FN:67,onChangeText
FN:71,onChangeText
FN:75,onChangeText
FN:79,onChangeText
FN:84,onChangeText
FN:91,onChangeText
FN:98,onChangeText
FN:128,mapStateToProps
FNF:10
FNH:0
FNDA:0,onChangeText
FNDA:0,onChangeText
FNDA:0,onChangeText
FNDA:0,onChangeText
FNDA:0,onChangeText
FNDA:0,onChangeText
FNDA:0,onChangeText
FNDA:0,onChangeText
FNDA:0,onChangeText
FNDA:0,mapStateToProps
DA:1,0
DA:2,0
DA:3,0
DA:4,0
DA:5,0
DA:6,0
DA:7,0
DA:39,0
DA:43,0
DA:45,0
DA:47,0
DA:54,0
DA:59,0
DA:63,0
DA:67,0
DA:71,0
DA:75,0
DA:79,0
DA:84,0
DA:91,0
DA:98,0
DA:128,0
DA:130,0
DA:132,0
DA:135,0
LF:25
LH:0
BRDA:35,0,0,0
BRDA:35,0,1,0
BRDA:35,0,2,0
BRDA:45,1,0,0
BRDA:45,1,1,0
BRDA:60,2,0,0
BRDA:60,2,1,0
BRDA:64,3,0,0
BRDA:64,3,1,0
BRDA:68,4,0,0
BRDA:68,4,1,0
BRDA:72,5,0,0
BRDA:72,5,1,0
BRDA:76,6,0,0
BRDA:76,6,1,0
BRDA:80,7,0,0
BRDA:80,7,1,0
BRDA:86,8,0,0
BRDA:86,8,1,0
BRDA:92,9,0,0
BRDA:92,9,1,0
BRDA:93,10,0,0
BRDA:93,10,1,0
BRDA:100,11,0,0
BRDA:100,11,1,0
BRDA:106,12,0,0
BRDA:106,12,1,0
BRDA:108,13,0,0
BRDA:108,13,1,0
BRDA:108,13,2,0
BRDA:108,13,3,0
BRDA:108,13,4,0
BRDA:108,13,5,0
BRDA:108,13,6,0
BRDA:108,13,7,0
BRDA:108,13,8,0
BRF:36
BRH:0
end_of_record
TN:
SF:/home/capote/repos/contacts/src/app/contact/form/form.container.style.js
FNF:0
FNH:0
DA:1,0
DA:3,0
LF:2
LH:0
BRF:0
BRH:0
end_of_record
TN:
SF:/home/capote/repos/contacts/src/app/contact/form/form.reducer.js
FN:19,ContactFormReducer
FNF:1
FNH:0
FNDA:0,ContactFormReducer
DA:1,0
DA:12,0
DA:19,0
DA:21,0
DA:25,0
DA:33,0
DA:41,0
DA:49,0
DA:57,0
DA:65,0
DA:74,0
DA:83,0
DA:91,0
LF:13
LH:0
BRDA:19,0,0,0
BRDA:19,0,1,0
BRDA:19,1,0,0
BRDA:19,1,1,0
BRDA:23,2,0,0
BRDA:23,2,1,0
BRDA:23,2,2,0
BRDA:23,2,3,0
BRDA:23,2,4,0
BRDA:23,2,5,0
BRDA:23,2,6,0
BRDA:23,2,7,0
BRDA:23,2,8,0
BRF:13
BRH:0
end_of_record
TN:
SF:/home/capote/repos/contacts/src/app/contact/form/form.types.js
FNF:0
FNH:0
DA:1,0
DA:2,0
DA:3,0
DA:4,0
DA:5,0
DA:6,0
DA:7,0
DA:8,0
LF:8
LH:0
BRF:0
BRH:0
end_of_record
TN:
SF:/home/capote/repos/contacts/src/app/contact/list/list-item.component.js
FN:18,onPress
FNF:1
FNH:0
FNDA:0,onPress
DA:1,0
DA:2,0
DA:10,0
DA:12,0
DA:18,0
LF:5
LH:0
BRDA:16,0,0,0
BRDA:16,0,1,0
BRF:2
BRH:0
end_of_record
TN:
SF:/home/capote/repos/contacts/src/app/contact/list/list-item.style.js
FNF:0
FNH:0
DA:1,0
DA:3,0
LF:2
LH:0
BRF:0
BRH:0
end_of_record
TN:
SF:/home/capote/repos/contacts/src/app/contact/list/list.component.js
FN:85,keyExtractor
FNF:1
FNH:0
FNDA:0,keyExtractor
DA:1,0
DA:2,0
DA:3,0
DA:4,0
DA:12,0
DA:17,0
DA:22,0
DA:24,0
DA:29,0
DA:31,0
DA:34,0
DA:35,0
DA:38,0
DA:40,0
DA:47,0
DA:49,0
DA:55,0
DA:57,0
DA:64,0
DA:66,0
DA:69,0
DA:71,0
DA:78,0
DA:85,0
DA:96,0
LF:25
LH:0
BRDA:29,0,0,0
BRDA:29,0,1,0
BRDA:29,1,0,0
BRDA:29,1,1,0
BRDA:47,2,0,0
BRDA:47,2,1,0
BRDA:55,3,0,0
BRDA:55,3,1,0
BRDA:55,4,0,0
BRDA:55,4,1,0
BRDA:64,5,0,0
BRDA:64,5,1,0
BRDA:69,6,0,0
BRDA:69,6,1,0
BRDA:81,7,0,0
BRDA:81,7,1,0
BRF:16
BRH:0
end_of_record
TN:
SF:/home/capote/repos/contacts/src/app/contact/list/list.container.js
FN:5,mapStateToProps
FN:24,mapDispatchToProps
FN:27,getList
FNF:3
FNH:0
FNDA:0,mapStateToProps
FNDA:0,mapDispatchToProps
FNDA:0,getList
DA:1,0
DA:2,0
DA:3,0
DA:5,0
DA:13,0
DA:15,0
DA:24,0
DA:26,0
DA:27,0
DA:31,0
LF:10
LH:0
BRF:0
BRH:0
end_of_record
TN:
SF:/home/capote/repos/contacts/src/app/contact/list/list.reducer.js
FN:14,ContactListReducer
FNF:1
FNH:0
FNDA:0,ContactListReducer
DA:1,0
DA:7,0
DA:14,0
DA:16,0
DA:21,0
DA:29,0
DA:34,0
DA:36,0
DA:47,0
DA:57,0
LF:10
LH:0
BRDA:14,0,0,0
BRDA:14,0,1,0
BRDA:14,1,0,0
BRDA:14,1,1,0
BRDA:18,2,0,0
BRDA:18,2,1,0
BRDA:18,2,2,0
BRDA:18,2,3,0
BRF:8
BRH:0
end_of_record
TN:
SF:/home/capote/repos/contacts/src/app/error-block/error-block.component.js
FNF:0
FNH:0
DA:1,0
DA:2,0
DA:3,0
DA:7,0
DA:9,0
DA:11,0
DA:13,0
DA:16,0
DA:27,0
DA:29,0
DA:31,0
DA:41,0
LF:12
LH:0
BRDA:11,0,0,0
BRDA:11,0,1,0
BRDA:33,1,0,0
BRDA:33,1,1,0
BRF:4
BRH:0
end_of_record
TN:
SF:/home/capote/repos/contacts/src/app/navigation/app.navigation.container.js
FN:24,(anonymous_15)
FN:41,(anonymous_16)
FN:78,mapStateToProps
FNF:3
FNH:0
FNDA:0,(anonymous_15)
FNDA:0,(anonymous_16)
FNDA:0,mapStateToProps
DA:1,0
DA:2,0
DA:3,0
DA:4,0
DA:5,0
DA:6,0
DA:14,0
DA:19,0
DA:24,0
DA:26,0
DA:28,0
DA:30,0
DA:32,0
DA:34,0
DA:36,0
DA:41,0
DA:43,0
DA:46,0
DA:49,0
DA:51,0
DA:53,0
DA:55,0
DA:58,0
DA:60,0
DA:63,0
DA:65,0
DA:67,0
DA:72,0
DA:74,0
DA:78,0
DA:80,0
LF:31
LH:0
BRDA:53,0,0,0
BRDA:53,0,1,0
BRDA:26,1,0,0
BRDA:26,1,1,0
BRDA:30,2,0,0
BRDA:30,2,1,0
BRDA:30,3,0,0
BRDA:30,3,1,0
BRDA:34,4,0,0
BRDA:34,4,1,0
BRDA:34,5,0,0
BRDA:34,5,1,0
BRDA:41,6,0,0
BRDA:41,6,1,0
BRDA:41,7,0,0
BRDA:41,7,1,0
BRF:16
BRH:0
end_of_record
TN:
SF:/home/capote/repos/contacts/src/app/navigation/app.navigation.js
FNF:0
FNH:0
DA:2,0
DA:3,0
DA:5,0
DA:11,0
DA:17,0
LF:5
LH:0
BRF:0
BRH:0
end_of_record
TN:
SF:/home/capote/repos/contacts/src/app/navigation/navigation.js
FN:12,navigationOptions
FN:18,onPress
FN:29,navigationOptions
FN:35,onPress
FN:46,navigationOptions
FN:62,navigationOptions
FNF:6
FNH:0
FNDA:0,navigationOptions
FNDA:0,onPress
FNDA:0,navigationOptions
FNDA:0,onPress
FNDA:0,navigationOptions
FNDA:0,navigationOptions
DA:1,0
DA:2,0
DA:3,0
DA:4,0
DA:5,0
DA:6,0
DA:10,0
DA:12,0
DA:18,0
DA:27,0
DA:29,0
DA:35,0
DA:44,0
DA:46,0
DA:53,0
DA:59,0
DA:62,0
DA:70,0
LF:18
LH:0
BRDA:30,0,0,0
BRDA:30,0,1,0
BRDA:30,1,0,0
BRDA:30,1,1,0
BRF:4
BRH:0
end_of_record
TN:
SF:/home/capote/repos/contacts/src/app/navigation/navigation.service.js
FN:5,setContainer
FN:10,reset
FN:24,navigate
FN:33,navigateDeep
FN:36,(anonymous_4)
FN:46,navigateReset
FN:50,(anonymous_6)
FN:57,navigateTo
FN:68,getCurrentRoute
FNF:9
FNH:0
FNDA:0,setContainer
FNDA:0,reset
FNDA:0,navigate
FNDA:0,navigateDeep
FNDA:0,(anonymous_4)
FNDA:0,navigateReset
FNDA:0,(anonymous_6)
FNDA:0,navigateTo
FNDA:0,getCurrentRoute
DA:1,0
DA:3,0
DA:7,0
DA:12,0
DA:26,0
DA:35,0
DA:36,0
DA:46,0
DA:48,0
DA:52,0
DA:59,0
DA:65,0
DA:70,0
DA:72,0
DA:75,0
LF:15
LH:0
BRDA:46,0,0,0
BRDA:46,0,1,0
BRDA:46,1,0,0
BRDA:46,1,1,0
BRDA:70,2,0,0
BRDA:70,2,1,0
BRDA:70,3,0,0
BRDA:70,3,1,0
BRDA:75,4,0,0
BRDA:75,4,1,0
BRF:10
BRH:0
end_of_record
TN:
SF:/home/capote/repos/contacts/src/app/navigation/sidebar.navigation.js
FN:12,sidebarSettings
FNF:1
FNH:0
FNDA:0,sidebarSettings
DA:1,0
DA:2,0
DA:3,0
DA:4,0
DA:6,0
DA:14,0
DA:26,0
LF:7
LH:0
BRF:0
BRH:0
end_of_record
TN:
SF:/home/capote/repos/contacts/src/app/sidebar/sidebar-options.component.js
FN:18,onPress
FN:27,onPress
FNF:2
FNH:0
FNDA:0,onPress
FNDA:0,onPress
DA:1,0
DA:2,0
DA:3,0
DA:7,0
DA:9,0
DA:18,0
DA:27,0
LF:7
LH:0
BRF:0
BRH:0
end_of_record
TN:
SF:/home/capote/repos/contacts/src/app/sidebar/sidebar.container.js
FN:37,mapStateToProps
FNF:1
FNH:0
FNDA:0,mapStateToProps
DA:1,0
DA:2,0
DA:3,0
DA:4,0
DA:5,0
DA:6,0
DA:12,0
DA:22,0
DA:37,0
DA:39,0
DA:42,0
LF:11
LH:0
BRF:0
BRH:0
end_of_record
TN:
SF:/home/capote/repos/contacts/src/app/sidebar/sidebar.style.js
FNF:0
FNH:0
DA:1,0
DA:3,0
LF:2
LH:0
BRF:0
BRH:0
end_of_record
TN:
SF:/home/capote/repos/contacts/src/app/ui/form.render.component.js
FNF:0
FNH:0
DA:1,0
DA:2,0
DA:3,0
DA:9,0
DA:11,0
DA:18,0
LF:6
LH:0
BRDA:9,0,0,0
BRDA:9,0,1,0
BRF:2
BRH:0
end_of_record
TN:
SF:/home/capote/repos/contacts/src/common/create-stores.reducer.js
FN:8,NavReducer
FN:13,getObjectReducers
FN:23,createStores
FNF:3
FNH:0
FNDA:0,NavReducer
FNDA:0,getObjectReducers
FNDA:0,createStores
DA:1,0
DA:2,0
DA:3,0
DA:4,0
DA:5,0
DA:6,0
DA:10,0
DA:15,0
DA:25,0
DA:27,0
LF:10
LH:0
BRF:0
BRH:0
end_of_record
TN:
SF:/home/capote/repos/contacts/src/common/drop-down-holder.service.js
FNF:0
FNH:0
DA:7,0
DA:12,0
LF:2
LH:0
BRF:0
BRH:0
end_of_record
